<?xml version="1.0" encoding="utf-8" standalone="no"?>
<!--This file represents the results of running a test suite-->
<test-results name="D:\MousumiWork\New folder\DevOpsPortal\DevOpsPortal\bin\DevOpsPortal.dll" total="1" errors="0" failures="0" not-run="0" inconclusive="0" ignored="0" skipped="0" invalid="0" date="2016-04-12" time="17:30:05">
  <environment nunit-version="2.6.4.14350" clr-version="2.0.50727.5485" os-version="Microsoft Windows NT 6.1.7601 Service Pack 1" platform="Win32NT" cwd="C:\Program Files (x86)\NUnit 2.6.4\bin" machine-name="CCH1WDIMSC" user="29422" user-domain="CORP" />
  <culture-info current-culture="en-US" current-uiculture="en-US" />
  <test-suite type="Assembly" name="D:\MousumiWork\New folder\DevOpsPortal\DevOpsPortal\bin\DevOpsPortal.dll" executed="True" result="Success" success="True" time="2.342" asserts="0">
    <results>
      <test-suite type="Namespace" name="DevOpsPortal" executed="True" result="Success" success="True" time="2.294" asserts="0">
        <results>
          <test-suite type="Namespace" name="NUnit" executed="True" result="Success" success="True" time="2.293" asserts="0">
            <results>
              <test-suite type="Namespace" name="Test" executed="True" result="Success" success="True" time="2.292" asserts="0">
                <results>
                  <test-suite type="TestFixture" name="CustomerControllerTest" executed="True" result="Success" success="True" time="2.286" asserts="0">
                    <results>
                      <test-case name="DevOpsPortal.NUnit.Test.CustomerControllerTest.Index" executed="True" result="Success" success="True" time="2.257" asserts="1" />
                    </results>
                  </test-suite>
                </results>
              </test-suite>
            </results>
          </test-suite>
        </results>
      </test-suite>
    </results>
  </test-suite>
</test-results>